{
  "hosts": ["6287402c10b5c66475160533"],
  "data": [
    {
      "hostid": "6287402c10b5c66475160533",
      "id": "1",
      "RuleName": "-",
      "UtcTime": "2022-04-29 21:47:54.852",
      "ProcessGuid": "{cfb81481-5d0a-626c-3809-000000000b00}",
      "ProcessId": "3464",
      "Image": "C://Windows//SysWOW64//WindowsPowerShell//v1.0//powershell.exe",
      "FileVersion": "10.0.19041.1 (WinBuild.160101.0800)",
      "Description": "Windows PowerShell",
      "Product": "Microsoftr Windowsr Operating System",
      "Company": "Microsoft Corporation",
      "OriginalFileName": "PowerShell.EXE",
      "CommandLine": "Powershell.exe -ExecutionPolicy Bypass -NoLogo -NoProfile -NonInteractive -Command //u0026{Get-WinEvent -LogName ///Microsoft-Windows-Sysmon/Operational/// -MaxEvents 3 |where {$_.timecreated -gt ///2022-04-29 23:45:54.847623/// -and $_.id -eq ///1///}  | select id,message | ConvertTo-Json}/",
      "CurrentDirectory": "C://Users//admin//Desktop//Client//",
      "User": "DESKTOP-5MU2AF7//admin",
      "LogonGuid": "{cfb81481-05ee-626b-0197-050000000000}",
      "LogonId": "0x59701",
      "TerminalSessionId": "1",
      "IntegrityLevel": "High",
      "Hashes": "5B16D54F2AE6B74DCF863BC0F5E502B5",
      "ParentProcessGuid": "{cfb81481-5d0a-626c-3709-000000000b00}",
      "ParentProcessId": "3464",
      "ParentImage": "C://Users//admin//AppData//Local//Programs//Python//Python38-32//python.exe",
      "ParentCommandLine": "C://Users//admin//AppData//Local//Programs//Python//Python38-32//python.exe C:/Users/admin/Desktop/Client/main.py",
      "ParentUser": "DESKTOP-5MU2AF7//admin\r\n"
    },
    {
      "hostid": "6287402c10b5c66475160533",
      "id": "1",
      "RuleName": "-",
      "UtcTime": "2022-04-29 21:47:54.376",
      "ProcessGuid": "{cfb81481-5d0a-626c-3709-000000000b00}",
      "ProcessId": "8084",
      "Image": "C://Users//admin//AppData//Local//Programs//Python//Python38-32//python.exe",
      "FileVersion": "3.8.0",
      "Description": "Python",
      "Product": "Python",
      "Company": "Python Software Foundation",
      "OriginalFileName": "python.exe",
      "CommandLine": "C://Users//admin//AppData//Local//Programs//Python//Python38-32//python.exe C:/Users/admin/Desktop/Client/main.py",
      "CurrentDirectory": "C://Users//admin//Desktop//Client//",
      "User": "DESKTOP-5MU2AF7//admin",
      "LogonGuid": "{cfb81481-05ee-626b-0197-050000000000}",
      "LogonId": "0x59701",
      "TerminalSessionId": "1",
      "IntegrityLevel": "High",
      "Hashes": "2FCD8AEA0918E2F8501F37A6CBD4CB09",
      "ParentProcessGuid": "{cfb81481-5d0a-626c-3509-000000000b00}",
      "ParentProcessId": "8084",
      "ParentImage": "C://Users//admin//Desktop//Client//venv//Scripts//python.exe",
      "ParentCommandLine": "C://Users//admin//Desktop//Client//venv//Scripts//python.exe C:/Users/admin/Desktop/Client/main.py",
      "ParentUser": "DESKTOP-5MU2AF7//admin\r\n}\r\n]"
    },
    {
      "hostid": "6287402c10b5c66475160533",
      "id": "1",
      "RuleName": "-",
      "UtcTime": "2022-04-29 21:47:54.852",
      "ProcessGuid": "{cfb81481-5d0a-626c-3809-000000000b00}",
      "ProcessId": "3464",
      "Image": "C://Windows//SysWOW64//WindowsPowerShell//v1.0//fltmc.exe",
      "FileVersion": "10.0.19041.1 (WinBuild.160101.0800)",
      "Description": "Windows PowerShell",
      "Product": "Microsoftr Windowsr Operating System",
      "Company": "Microsoft Corporation",
      "OriginalFileName": "PowerShell.EXE",
      "CommandLine": "Powershell.exe -ExecutionPolicy Bypass -NoLogo -NoProfile -NonInteractive unload -Command //u0026{Get-WinEvent -LogName ///Microsoft-Windows-Sysmon/Operational/// -MaxEvents 3 |where {$_.timecreated -gt ///2022-04-29 23:45:54.847623/// -and $_.id -eq ///1///}  | select id,message | ConvertTo-Json}/",
      "CurrentDirectory": "C://Users//admin//Desktop//Client//",
      "User": "DESKTOP-5MU2AF7//admin",
      "LogonGuid": "{cfb81481-05ee-626b-0197-050000000000}",
      "LogonId": "0x59701",
      "TerminalSessionId": "1",
      "IntegrityLevel": "High",
      "Hashes": "5B16D54F2AE6B74DCF863BC0F5E502B5",
      "ParentProcessGuid": "{cfb81481-5d0a-626c-3709-000000000b00}",
      "ParentProcessId": "3464",
      "ParentImage": "C://Users//admin//AppData//Local//Programs//Python//Python38-32//python.exe",
      "ParentCommandLine": "C://Users//admin//AppData//Local//Programs//Python//Python38-32//python.exe C:/Users/admin/Desktop/Client/main.py",
      "ParentUser": "DESKTOP-5MU2AF7//admin\r\n"
    },
    {
      "hostid": "6287402c10b5c66475160533",
      "id": "1",
      "RuleName": "-",
      "UtcTime": "2022-04-29 21:47:54.852",
      "ProcessGuid": "{cfb81481-5d0a-626c-3809-000000000b00}",
      "ProcessId": "3464",
      "Image": "C://Windows//SysWOW64//WindowsPowerShell//v1.0//cmd.exe",
      "FileVersion": "10.0.19041.1 (WinBuild.160101.0800)",
      "Description": "Windows PowerShell",
      "Product": "Microsoftr Windowsr Operating System",
      "Company": "Microsoft Corporation",
      "OriginalFileName": "PowerShell.EXE",
      "CommandLine": "Powershell.exe -ExecutionPolicy Bypass -NoLogo -NoProfile -NonInteractive  echo pipe -Command //u0026{Get-WinEvent -LogName ///Microsoft-Windows-Sysmon/Operational/// -MaxEvents 3 |where {$_.timecreated -gt ///2022-04-29 23:45:54.847623/// -and $_.id -eq ///1///}  | select id,message | ConvertTo-Json}/",
      "CurrentDirectory": "C://Users//admin//Desktop//Client//",
      "User": "DESKTOP-5MU2AF7//admin",
      "LogonGuid": "{cfb81481-05ee-626b-0197-050000000000}",
      "LogonId": "0x59701",
      "TerminalSessionId": "1",
      "IntegrityLevel": "High",
      "Hashes": "5B16D54F2AE6B74DCF863BC0F5E502B5",
      "ParentProcessGuid": "{cfb81481-5d0a-626c-3709-000000000b00}",
      "ParentProcessId": "3464",
      "ParentImage": "C://Users//admin//AppData//Local//Programs//Python//Python38-32//python.exe",
      "ParentCommandLine": "C://Users//admin//AppData//Local//Programs//Python//Python38-32//python.exe C:/Users/admin/Desktop/Client/main.py",
      "ParentUser": "DESKTOP-5MU2AF7//admin\r\n"
    }
  ]
}
